DEB [20200925-10:22:26.801] thr=1   paramiko.transport: starting thread (client mode): 0x64712400
DEB [20200925-10:22:26.802] thr=1   paramiko.transport: Local version/idstring: SSH-2.0-paramiko_2.7.2
DEB [20200925-10:22:26.820] thr=1   paramiko.transport: Remote version/idstring: SSH-2.0-OpenSSH_7.4
INF [20200925-10:22:26.820] thr=1   paramiko.transport: Connected (version 2.0, client OpenSSH_7.4)
DEB [20200925-10:22:26.832] thr=1   paramiko.transport: kex algos:['curve25519-sha256', 'curve25519-sha256@libssh.org', 'ecdh-sha2-nistp256', 'ecdh-sha2-nistp384', 'ecdh-sha2-nistp521', 'diffie-hellman-group-exchange-sha256', 'diffie-hellman-group16-sha512', 'diffie-hellman-group18-sha512', 'diffie-hellman-group-exchange-sha1', 'diffie-hellman-group14-sha256', 'diffie-hellman-group14-sha1', 'diffie-hellman-group1-sha1'] server key:['ssh-rsa', 'rsa-sha2-512', 'rsa-sha2-256', 'ecdsa-sha2-nistp256', 'ssh-ed25519'] client encrypt:['chacha20-poly1305@openssh.com', 'aes128-ctr', 'aes192-ctr', 'aes256-ctr', 'aes128-gcm@openssh.com', 'aes256-gcm@openssh.com', 'aes128-cbc', 'aes192-cbc', 'aes256-cbc', 'blowfish-cbc', 'cast128-cbc', '3des-cbc'] server encrypt:['chacha20-poly1305@openssh.com', 'aes128-ctr', 'aes192-ctr', 'aes256-ctr', 'aes128-gcm@openssh.com', 'aes256-gcm@openssh.com', 'aes128-cbc', 'aes192-cbc', 'aes256-cbc', 'blowfish-cbc', 'cast128-cbc', '3des-cbc'] client mac:['umac-64-etm@openssh.com', 'umac-128-etm@openssh.com', 'hmac-sha2-256-etm@openssh.com', 'hmac-sha2-512-etm@openssh.com', 'hmac-sha1-etm@openssh.com', 'umac-64@openssh.com', 'umac-128@openssh.com', 'hmac-sha2-256', 'hmac-sha2-512', 'hmac-sha1'] server mac:['umac-64-etm@openssh.com', 'umac-128-etm@openssh.com', 'hmac-sha2-256-etm@openssh.com', 'hmac-sha2-512-etm@openssh.com', 'hmac-sha1-etm@openssh.com', 'umac-64@openssh.com', 'umac-128@openssh.com', 'hmac-sha2-256', 'hmac-sha2-512', 'hmac-sha1'] client compress:['none', 'zlib@openssh.com'] server compress:['none', 'zlib@openssh.com'] client lang:[''] server lang:[''] kex follows?False
DEB [20200925-10:22:26.838] thr=1   paramiko.transport: Kex agreed: curve25519-sha256@libssh.org
DEB [20200925-10:22:26.838] thr=1   paramiko.transport: HostKey agreed: ssh-ed25519
DEB [20200925-10:22:26.838] thr=1   paramiko.transport: Cipher agreed: aes128-ctr
DEB [20200925-10:22:26.838] thr=1   paramiko.transport: MAC agreed: hmac-sha2-256
DEB [20200925-10:22:26.838] thr=1   paramiko.transport: Compression agreed: none
DEB [20200925-10:22:26.856] thr=1   paramiko.transport: kex engine KexCurve25519 specified hash_algo <built-in function openssl_sha256>
DEB [20200925-10:22:26.857] thr=1   paramiko.transport: Switch to new keys ...
DEB [20200925-10:22:26.857] thr=2   paramiko.transport: Rejecting ssh-ed25519 host key for 120.27.216.133: b'abb89fbbeff00871def043918e38459f'
DEB [20200925-10:22:26.858] thr=1   paramiko.transport: EOF in transport thread
DEB [20200925-10:32:10.150] thr=1   paramiko.transport: starting thread (client mode): 0x5522af0
DEB [20200925-10:32:10.150] thr=1   paramiko.transport: Local version/idstring: SSH-2.0-paramiko_2.7.2
DEB [20200925-10:32:10.158] thr=1   paramiko.transport: Remote version/idstring: SSH-2.0-Go
INF [20200925-10:32:10.158] thr=1   paramiko.transport: Connected (version 2.0, client Go)
DEB [20200925-10:32:10.160] thr=1   paramiko.transport: kex algos:['curve25519-sha256@libssh.org', 'ecdh-sha2-nistp256', 'ecdh-sha2-nistp384', 'ecdh-sha2-nistp521', 'diffie-hellman-group14-sha1', 'diffie-hellman-group1-sha1'] server key:['ssh-rsa'] client encrypt:['aes128-gcm@openssh.com', 'chacha20-poly1305@openssh.com', 'aes128-ctr', 'aes192-ctr', 'aes256-ctr'] server encrypt:['aes128-gcm@openssh.com', 'chacha20-poly1305@openssh.com', 'aes128-ctr', 'aes192-ctr', 'aes256-ctr'] client mac:['hmac-sha2-256-etm@openssh.com', 'hmac-sha2-256', 'hmac-sha1', 'hmac-sha1-96'] server mac:['hmac-sha2-256-etm@openssh.com', 'hmac-sha2-256', 'hmac-sha1', 'hmac-sha1-96'] client compress:['none'] server compress:['none'] client lang:[''] server lang:[''] kex follows?False
DEB [20200925-10:32:10.161] thr=1   paramiko.transport: Kex agreed: curve25519-sha256@libssh.org
DEB [20200925-10:32:10.161] thr=1   paramiko.transport: HostKey agreed: ssh-rsa
DEB [20200925-10:32:10.161] thr=1   paramiko.transport: Cipher agreed: aes128-ctr
DEB [20200925-10:32:10.161] thr=1   paramiko.transport: MAC agreed: hmac-sha2-256
DEB [20200925-10:32:10.161] thr=1   paramiko.transport: Compression agreed: none
DEB [20200925-10:32:10.222] thr=1   paramiko.transport: kex engine KexCurve25519 specified hash_algo <built-in function openssl_sha256>
DEB [20200925-10:32:10.222] thr=1   paramiko.transport: Switch to new keys ...
DEB [20200925-10:32:10.243] thr=2   paramiko.transport: Trying discovered key b'dab97e5f53a2505d218ef7d182c19878' in C:\Users\tommyji/.ssh/id_rsa
DEB [20200925-10:32:10.284] thr=1   paramiko.transport: userauth is OK
INF [20200925-10:32:10.457] thr=1   paramiko.transport: Authentication (publickey) failed.
DEB [20200925-10:32:10.467] thr=1   paramiko.transport: EOF in transport thread
DEB [20200925-10:32:55.928] thr=1   paramiko.transport: starting thread (client mode): 0x1cbe2af0
DEB [20200925-10:32:55.928] thr=1   paramiko.transport: Local version/idstring: SSH-2.0-paramiko_2.7.2
DEB [20200925-10:32:55.938] thr=1   paramiko.transport: Remote version/idstring: SSH-2.0-Go
INF [20200925-10:32:55.938] thr=1   paramiko.transport: Connected (version 2.0, client Go)
DEB [20200925-10:32:55.940] thr=1   paramiko.transport: kex algos:['curve25519-sha256@libssh.org', 'ecdh-sha2-nistp256', 'ecdh-sha2-nistp384', 'ecdh-sha2-nistp521', 'diffie-hellman-group14-sha1', 'diffie-hellman-group1-sha1'] server key:['ssh-rsa'] client encrypt:['aes128-gcm@openssh.com', 'chacha20-poly1305@openssh.com', 'aes128-ctr', 'aes192-ctr', 'aes256-ctr'] server encrypt:['aes128-gcm@openssh.com', 'chacha20-poly1305@openssh.com', 'aes128-ctr', 'aes192-ctr', 'aes256-ctr'] client mac:['hmac-sha2-256-etm@openssh.com', 'hmac-sha2-256', 'hmac-sha1', 'hmac-sha1-96'] server mac:['hmac-sha2-256-etm@openssh.com', 'hmac-sha2-256', 'hmac-sha1', 'hmac-sha1-96'] client compress:['none'] server compress:['none'] client lang:[''] server lang:[''] kex follows?False
DEB [20200925-10:32:55.940] thr=1   paramiko.transport: Kex agreed: curve25519-sha256@libssh.org
DEB [20200925-10:32:55.940] thr=1   paramiko.transport: HostKey agreed: ssh-rsa
DEB [20200925-10:32:55.940] thr=1   paramiko.transport: Cipher agreed: aes128-ctr
DEB [20200925-10:32:55.940] thr=1   paramiko.transport: MAC agreed: hmac-sha2-256
DEB [20200925-10:32:55.941] thr=1   paramiko.transport: Compression agreed: none
DEB [20200925-10:32:56.007] thr=1   paramiko.transport: kex engine KexCurve25519 specified hash_algo <built-in function openssl_sha256>
DEB [20200925-10:32:56.007] thr=1   paramiko.transport: Switch to new keys ...
DEB [20200925-10:32:56.034] thr=2   paramiko.transport: Trying discovered key b'dab97e5f53a2505d218ef7d182c19878' in C:\Users\tommyji/.ssh/id_rsa
DEB [20200925-10:32:56.072] thr=1   paramiko.transport: userauth is OK
INF [20200925-10:32:56.253] thr=1   paramiko.transport: Authentication (publickey) failed.
DEB [20200925-10:32:56.272] thr=1   paramiko.transport: EOF in transport thread
DEB [20200925-10:33:29.679] thr=1   paramiko.transport: starting thread (client mode): 0xab022af0
DEB [20200925-10:33:29.680] thr=1   paramiko.transport: Local version/idstring: SSH-2.0-paramiko_2.7.2
DEB [20200925-10:33:29.689] thr=1   paramiko.transport: Remote version/idstring: SSH-2.0-Go
INF [20200925-10:33:29.690] thr=1   paramiko.transport: Connected (version 2.0, client Go)
DEB [20200925-10:33:29.691] thr=1   paramiko.transport: kex algos:['curve25519-sha256@libssh.org', 'ecdh-sha2-nistp256', 'ecdh-sha2-nistp384', 'ecdh-sha2-nistp521', 'diffie-hellman-group14-sha1', 'diffie-hellman-group1-sha1'] server key:['ssh-rsa'] client encrypt:['aes128-gcm@openssh.com', 'chacha20-poly1305@openssh.com', 'aes128-ctr', 'aes192-ctr', 'aes256-ctr'] server encrypt:['aes128-gcm@openssh.com', 'chacha20-poly1305@openssh.com', 'aes128-ctr', 'aes192-ctr', 'aes256-ctr'] client mac:['hmac-sha2-256-etm@openssh.com', 'hmac-sha2-256', 'hmac-sha1', 'hmac-sha1-96'] server mac:['hmac-sha2-256-etm@openssh.com', 'hmac-sha2-256', 'hmac-sha1', 'hmac-sha1-96'] client compress:['none'] server compress:['none'] client lang:[''] server lang:[''] kex follows?False
DEB [20200925-10:33:29.691] thr=1   paramiko.transport: Kex agreed: curve25519-sha256@libssh.org
DEB [20200925-10:33:29.691] thr=1   paramiko.transport: HostKey agreed: ssh-rsa
DEB [20200925-10:33:29.691] thr=1   paramiko.transport: Cipher agreed: aes128-ctr
DEB [20200925-10:33:29.692] thr=1   paramiko.transport: MAC agreed: hmac-sha2-256
DEB [20200925-10:33:29.692] thr=1   paramiko.transport: Compression agreed: none
DEB [20200925-10:33:29.760] thr=1   paramiko.transport: kex engine KexCurve25519 specified hash_algo <built-in function openssl_sha256>
DEB [20200925-10:33:29.761] thr=1   paramiko.transport: Switch to new keys ...
DEB [20200925-10:33:29.782] thr=2   paramiko.transport: Trying discovered key b'dab97e5f53a2505d218ef7d182c19878' in C:\Users\tommyji/.ssh/id_rsa
DEB [20200925-10:33:29.824] thr=1   paramiko.transport: userauth is OK
INF [20200925-10:33:29.999] thr=1   paramiko.transport: Authentication (publickey) failed.
DEB [20200925-10:33:30.011] thr=1   paramiko.transport: EOF in transport thread
DEB [20200925-10:37:38.645] thr=1   paramiko.transport: starting thread (client mode): 0xa1702af0
DEB [20200925-10:37:38.645] thr=1   paramiko.transport: Local version/idstring: SSH-2.0-paramiko_2.7.2
DEB [20200925-10:37:38.655] thr=1   paramiko.transport: Remote version/idstring: SSH-2.0-Go
INF [20200925-10:37:38.655] thr=1   paramiko.transport: Connected (version 2.0, client Go)
DEB [20200925-10:37:38.657] thr=1   paramiko.transport: kex algos:['curve25519-sha256@libssh.org', 'ecdh-sha2-nistp256', 'ecdh-sha2-nistp384', 'ecdh-sha2-nistp521', 'diffie-hellman-group14-sha1', 'diffie-hellman-group1-sha1'] server key:['ssh-rsa'] client encrypt:['aes128-gcm@openssh.com', 'chacha20-poly1305@openssh.com', 'aes128-ctr', 'aes192-ctr', 'aes256-ctr'] server encrypt:['aes128-gcm@openssh.com', 'chacha20-poly1305@openssh.com', 'aes128-ctr', 'aes192-ctr', 'aes256-ctr'] client mac:['hmac-sha2-256-etm@openssh.com', 'hmac-sha2-256', 'hmac-sha1', 'hmac-sha1-96'] server mac:['hmac-sha2-256-etm@openssh.com', 'hmac-sha2-256', 'hmac-sha1', 'hmac-sha1-96'] client compress:['none'] server compress:['none'] client lang:[''] server lang:[''] kex follows?False
DEB [20200925-10:37:38.657] thr=1   paramiko.transport: Kex agreed: curve25519-sha256@libssh.org
DEB [20200925-10:37:38.657] thr=1   paramiko.transport: HostKey agreed: ssh-rsa
DEB [20200925-10:37:38.657] thr=1   paramiko.transport: Cipher agreed: aes128-ctr
DEB [20200925-10:37:38.657] thr=1   paramiko.transport: MAC agreed: hmac-sha2-256
DEB [20200925-10:37:38.657] thr=1   paramiko.transport: Compression agreed: none
DEB [20200925-10:37:38.724] thr=1   paramiko.transport: kex engine KexCurve25519 specified hash_algo <built-in function openssl_sha256>
DEB [20200925-10:37:38.724] thr=1   paramiko.transport: Switch to new keys ...
DEB [20200925-10:37:38.744] thr=2   paramiko.transport: Trying discovered key b'dab97e5f53a2505d218ef7d182c19878' in C:\Users\tommyji/.ssh/id_rsa
DEB [20200925-10:37:38.786] thr=1   paramiko.transport: userauth is OK
INF [20200925-10:37:39.007] thr=1   paramiko.transport: Authentication (publickey) failed.
DEB [20200925-10:37:39.019] thr=1   paramiko.transport: EOF in transport thread
DEB [20200925-10:38:56.914] thr=1   paramiko.transport: starting thread (client mode): 0x36c62af0
DEB [20200925-10:38:56.915] thr=1   paramiko.transport: Local version/idstring: SSH-2.0-paramiko_2.7.2
DEB [20200925-10:38:56.933] thr=1   paramiko.transport: Remote version/idstring: SSH-2.0-OpenSSH_7.4
INF [20200925-10:38:56.933] thr=1   paramiko.transport: Connected (version 2.0, client OpenSSH_7.4)
DEB [20200925-10:38:56.946] thr=1   paramiko.transport: kex algos:['curve25519-sha256', 'curve25519-sha256@libssh.org', 'ecdh-sha2-nistp256', 'ecdh-sha2-nistp384', 'ecdh-sha2-nistp521', 'diffie-hellman-group-exchange-sha256', 'diffie-hellman-group16-sha512', 'diffie-hellman-group18-sha512', 'diffie-hellman-group-exchange-sha1', 'diffie-hellman-group14-sha256', 'diffie-hellman-group14-sha1', 'diffie-hellman-group1-sha1'] server key:['ssh-rsa', 'rsa-sha2-512', 'rsa-sha2-256', 'ecdsa-sha2-nistp256', 'ssh-ed25519'] client encrypt:['chacha20-poly1305@openssh.com', 'aes128-ctr', 'aes192-ctr', 'aes256-ctr', 'aes128-gcm@openssh.com', 'aes256-gcm@openssh.com', 'aes128-cbc', 'aes192-cbc', 'aes256-cbc', 'blowfish-cbc', 'cast128-cbc', '3des-cbc'] server encrypt:['chacha20-poly1305@openssh.com', 'aes128-ctr', 'aes192-ctr', 'aes256-ctr', 'aes128-gcm@openssh.com', 'aes256-gcm@openssh.com', 'aes128-cbc', 'aes192-cbc', 'aes256-cbc', 'blowfish-cbc', 'cast128-cbc', '3des-cbc'] client mac:['umac-64-etm@openssh.com', 'umac-128-etm@openssh.com', 'hmac-sha2-256-etm@openssh.com', 'hmac-sha2-512-etm@openssh.com', 'hmac-sha1-etm@openssh.com', 'umac-64@openssh.com', 'umac-128@openssh.com', 'hmac-sha2-256', 'hmac-sha2-512', 'hmac-sha1'] server mac:['umac-64-etm@openssh.com', 'umac-128-etm@openssh.com', 'hmac-sha2-256-etm@openssh.com', 'hmac-sha2-512-etm@openssh.com', 'hmac-sha1-etm@openssh.com', 'umac-64@openssh.com', 'umac-128@openssh.com', 'hmac-sha2-256', 'hmac-sha2-512', 'hmac-sha1'] client compress:['none', 'zlib@openssh.com'] server compress:['none', 'zlib@openssh.com'] client lang:[''] server lang:[''] kex follows?False
DEB [20200925-10:38:56.946] thr=1   paramiko.transport: Kex agreed: curve25519-sha256@libssh.org
DEB [20200925-10:38:56.946] thr=1   paramiko.transport: HostKey agreed: ecdsa-sha2-nistp256
DEB [20200925-10:38:56.946] thr=1   paramiko.transport: Cipher agreed: aes128-ctr
DEB [20200925-10:38:56.946] thr=1   paramiko.transport: MAC agreed: hmac-sha2-256
DEB [20200925-10:38:56.946] thr=1   paramiko.transport: Compression agreed: none
DEB [20200925-10:38:56.972] thr=1   paramiko.transport: kex engine KexCurve25519 specified hash_algo <built-in function openssl_sha256>
DEB [20200925-10:38:56.972] thr=1   paramiko.transport: Switch to new keys ...
DEB [20200925-10:38:56.998] thr=2   paramiko.transport: Trying discovered key b'dab97e5f53a2505d218ef7d182c19878' in C:\Users\tommyji/.ssh/id_rsa
DEB [20200925-10:38:57.035] thr=1   paramiko.transport: userauth is OK
INF [20200925-10:38:57.054] thr=1   paramiko.transport: Authentication (publickey) failed.
DEB [20200925-10:38:57.067] thr=1   paramiko.transport: userauth is OK
INF [20200925-10:38:57.100] thr=1   paramiko.transport: Authentication (password) successful!
DEB [20200925-10:38:57.101] thr=2   paramiko.transport: [chan 0] Max packet in: 32768 bytes
DEB [20200925-10:38:57.122] thr=1   paramiko.transport: Received global request "hostkeys-00@openssh.com"
DEB [20200925-10:38:57.122] thr=1   paramiko.transport: Rejecting "hostkeys-00@openssh.com" global request from server.
DEB [20200925-10:38:57.188] thr=1   paramiko.transport: [chan 0] Max packet out: 32768 bytes
DEB [20200925-10:38:57.188] thr=1   paramiko.transport: Secsh channel 0 opened.
DEB [20200925-10:38:57.201] thr=1   paramiko.transport: [chan 0] Sesch channel 0 request ok
DEB [20200925-10:38:57.215] thr=1   paramiko.transport: [chan 0] EOF received (0)
DEB [20200925-10:38:57.216] thr=1   paramiko.transport: [chan 0] EOF sent (0)
DEB [20200925-10:38:57.216] thr=1   paramiko.transport: Dropping user packet because connection is dead.
DEB [20200925-10:38:57.216] thr=1   paramiko.transport: Dropping user packet because connection is dead.
DEB [20200925-10:39:22.134] thr=1   paramiko.transport: starting thread (client mode): 0xb10c2af0
DEB [20200925-10:39:22.135] thr=1   paramiko.transport: Local version/idstring: SSH-2.0-paramiko_2.7.2
DEB [20200925-10:39:22.153] thr=1   paramiko.transport: Remote version/idstring: SSH-2.0-OpenSSH_7.4
INF [20200925-10:39:22.153] thr=1   paramiko.transport: Connected (version 2.0, client OpenSSH_7.4)
DEB [20200925-10:39:22.167] thr=1   paramiko.transport: kex algos:['curve25519-sha256', 'curve25519-sha256@libssh.org', 'ecdh-sha2-nistp256', 'ecdh-sha2-nistp384', 'ecdh-sha2-nistp521', 'diffie-hellman-group-exchange-sha256', 'diffie-hellman-group16-sha512', 'diffie-hellman-group18-sha512', 'diffie-hellman-group-exchange-sha1', 'diffie-hellman-group14-sha256', 'diffie-hellman-group14-sha1', 'diffie-hellman-group1-sha1'] server key:['ssh-rsa', 'rsa-sha2-512', 'rsa-sha2-256', 'ecdsa-sha2-nistp256', 'ssh-ed25519'] client encrypt:['chacha20-poly1305@openssh.com', 'aes128-ctr', 'aes192-ctr', 'aes256-ctr', 'aes128-gcm@openssh.com', 'aes256-gcm@openssh.com', 'aes128-cbc', 'aes192-cbc', 'aes256-cbc', 'blowfish-cbc', 'cast128-cbc', '3des-cbc'] server encrypt:['chacha20-poly1305@openssh.com', 'aes128-ctr', 'aes192-ctr', 'aes256-ctr', 'aes128-gcm@openssh.com', 'aes256-gcm@openssh.com', 'aes128-cbc', 'aes192-cbc', 'aes256-cbc', 'blowfish-cbc', 'cast128-cbc', '3des-cbc'] client mac:['umac-64-etm@openssh.com', 'umac-128-etm@openssh.com', 'hmac-sha2-256-etm@openssh.com', 'hmac-sha2-512-etm@openssh.com', 'hmac-sha1-etm@openssh.com', 'umac-64@openssh.com', 'umac-128@openssh.com', 'hmac-sha2-256', 'hmac-sha2-512', 'hmac-sha1'] server mac:['umac-64-etm@openssh.com', 'umac-128-etm@openssh.com', 'hmac-sha2-256-etm@openssh.com', 'hmac-sha2-512-etm@openssh.com', 'hmac-sha1-etm@openssh.com', 'umac-64@openssh.com', 'umac-128@openssh.com', 'hmac-sha2-256', 'hmac-sha2-512', 'hmac-sha1'] client compress:['none', 'zlib@openssh.com'] server compress:['none', 'zlib@openssh.com'] client lang:[''] server lang:[''] kex follows?False
DEB [20200925-10:39:22.167] thr=1   paramiko.transport: Kex agreed: curve25519-sha256@libssh.org
DEB [20200925-10:39:22.167] thr=1   paramiko.transport: HostKey agreed: ecdsa-sha2-nistp256
DEB [20200925-10:39:22.167] thr=1   paramiko.transport: Cipher agreed: aes128-ctr
DEB [20200925-10:39:22.167] thr=1   paramiko.transport: MAC agreed: hmac-sha2-256
DEB [20200925-10:39:22.167] thr=1   paramiko.transport: Compression agreed: none
DEB [20200925-10:39:22.186] thr=1   paramiko.transport: kex engine KexCurve25519 specified hash_algo <built-in function openssl_sha256>
DEB [20200925-10:39:22.186] thr=1   paramiko.transport: Switch to new keys ...
DEB [20200925-10:39:22.205] thr=2   paramiko.transport: Trying discovered key b'dab97e5f53a2505d218ef7d182c19878' in C:\Users\tommyji/.ssh/id_rsa
DEB [20200925-10:39:22.250] thr=1   paramiko.transport: userauth is OK
INF [20200925-10:39:22.269] thr=1   paramiko.transport: Authentication (publickey) failed.
DEB [20200925-10:39:22.282] thr=1   paramiko.transport: userauth is OK
INF [20200925-10:39:22.316] thr=1   paramiko.transport: Authentication (password) successful!
DEB [20200925-10:39:22.316] thr=2   paramiko.transport: [chan 0] Max packet in: 32768 bytes
DEB [20200925-10:39:22.329] thr=1   paramiko.transport: Received global request "hostkeys-00@openssh.com"
DEB [20200925-10:39:22.329] thr=1   paramiko.transport: Rejecting "hostkeys-00@openssh.com" global request from server.
DEB [20200925-10:39:22.394] thr=1   paramiko.transport: [chan 0] Max packet out: 32768 bytes
DEB [20200925-10:39:22.394] thr=1   paramiko.transport: Secsh channel 0 opened.
DEB [20200925-10:39:22.408] thr=1   paramiko.transport: [chan 0] Sesch channel 0 request ok
DEB [20200925-10:39:22.419] thr=1   paramiko.transport: [chan 0] EOF received (0)
DEB [20200925-10:39:22.427] thr=2   paramiko.transport: [chan 0] EOF sent (0)
DEB [20200925-10:39:22.427] thr=2   paramiko.transport: Dropping user packet because connection is dead.
DEB [20200925-10:40:27.792] thr=1   paramiko.transport: starting thread (client mode): 0x23232af0
DEB [20200925-10:40:27.792] thr=1   paramiko.transport: Local version/idstring: SSH-2.0-paramiko_2.7.2
DEB [20200925-10:40:27.810] thr=1   paramiko.transport: Remote version/idstring: SSH-2.0-OpenSSH_7.4
INF [20200925-10:40:27.810] thr=1   paramiko.transport: Connected (version 2.0, client OpenSSH_7.4)
DEB [20200925-10:40:27.823] thr=1   paramiko.transport: kex algos:['curve25519-sha256', 'curve25519-sha256@libssh.org', 'ecdh-sha2-nistp256', 'ecdh-sha2-nistp384', 'ecdh-sha2-nistp521', 'diffie-hellman-group-exchange-sha256', 'diffie-hellman-group16-sha512', 'diffie-hellman-group18-sha512', 'diffie-hellman-group-exchange-sha1', 'diffie-hellman-group14-sha256', 'diffie-hellman-group14-sha1', 'diffie-hellman-group1-sha1'] server key:['ssh-rsa', 'rsa-sha2-512', 'rsa-sha2-256', 'ecdsa-sha2-nistp256', 'ssh-ed25519'] client encrypt:['chacha20-poly1305@openssh.com', 'aes128-ctr', 'aes192-ctr', 'aes256-ctr', 'aes128-gcm@openssh.com', 'aes256-gcm@openssh.com', 'aes128-cbc', 'aes192-cbc', 'aes256-cbc', 'blowfish-cbc', 'cast128-cbc', '3des-cbc'] server encrypt:['chacha20-poly1305@openssh.com', 'aes128-ctr', 'aes192-ctr', 'aes256-ctr', 'aes128-gcm@openssh.com', 'aes256-gcm@openssh.com', 'aes128-cbc', 'aes192-cbc', 'aes256-cbc', 'blowfish-cbc', 'cast128-cbc', '3des-cbc'] client mac:['umac-64-etm@openssh.com', 'umac-128-etm@openssh.com', 'hmac-sha2-256-etm@openssh.com', 'hmac-sha2-512-etm@openssh.com', 'hmac-sha1-etm@openssh.com', 'umac-64@openssh.com', 'umac-128@openssh.com', 'hmac-sha2-256', 'hmac-sha2-512', 'hmac-sha1'] server mac:['umac-64-etm@openssh.com', 'umac-128-etm@openssh.com', 'hmac-sha2-256-etm@openssh.com', 'hmac-sha2-512-etm@openssh.com', 'hmac-sha1-etm@openssh.com', 'umac-64@openssh.com', 'umac-128@openssh.com', 'hmac-sha2-256', 'hmac-sha2-512', 'hmac-sha1'] client compress:['none', 'zlib@openssh.com'] server compress:['none', 'zlib@openssh.com'] client lang:[''] server lang:[''] kex follows?False
DEB [20200925-10:40:27.823] thr=1   paramiko.transport: Kex agreed: curve25519-sha256@libssh.org
DEB [20200925-10:40:27.823] thr=1   paramiko.transport: HostKey agreed: ecdsa-sha2-nistp256
DEB [20200925-10:40:27.823] thr=1   paramiko.transport: Cipher agreed: aes128-ctr
DEB [20200925-10:40:27.823] thr=1   paramiko.transport: MAC agreed: hmac-sha2-256
DEB [20200925-10:40:27.823] thr=1   paramiko.transport: Compression agreed: none
DEB [20200925-10:40:27.841] thr=1   paramiko.transport: kex engine KexCurve25519 specified hash_algo <built-in function openssl_sha256>
DEB [20200925-10:40:27.842] thr=1   paramiko.transport: Switch to new keys ...
DEB [20200925-10:40:27.866] thr=2   paramiko.transport: Trying discovered key b'dab97e5f53a2505d218ef7d182c19878' in C:\Users\tommyji/.ssh/id_rsa
DEB [20200925-10:40:27.904] thr=1   paramiko.transport: userauth is OK
INF [20200925-10:40:27.925] thr=1   paramiko.transport: Authentication (publickey) failed.
DEB [20200925-10:40:27.937] thr=1   paramiko.transport: userauth is OK
INF [20200925-10:40:27.972] thr=1   paramiko.transport: Authentication (password) successful!
DEB [20200925-10:40:27.973] thr=2   paramiko.transport: [chan 0] Max packet in: 32768 bytes
DEB [20200925-10:40:27.986] thr=1   paramiko.transport: Received global request "hostkeys-00@openssh.com"
DEB [20200925-10:40:27.987] thr=1   paramiko.transport: Rejecting "hostkeys-00@openssh.com" global request from server.
DEB [20200925-10:40:28.046] thr=1   paramiko.transport: [chan 0] Max packet out: 32768 bytes
DEB [20200925-10:40:28.047] thr=1   paramiko.transport: Secsh channel 0 opened.
DEB [20200925-10:40:28.060] thr=1   paramiko.transport: [chan 0] Sesch channel 0 request ok
DEB [20200925-10:40:28.070] thr=1   paramiko.transport: [chan 0] EOF received (0)
DEB [20200925-10:40:28.079] thr=2   paramiko.transport: [chan 0] EOF sent (0)
DEB [20200925-10:40:28.079] thr=2   paramiko.transport: Dropping user packet because connection is dead.
